{"total": {"lines":{"total":582,"covered":5,"skipped":0,"pct":0.85},"statements":{"total":684,"covered":5,"skipped":0,"pct":0.73},"functions":{"total":204,"covered":3,"skipped":0,"pct":1.47},"branches":{"total":372,"covered":2,"skipped":0,"pct":0.53},"branchesTrue":{"total":0,"covered":0,"skipped":0,"pct":100}}
,"/home/linus/react-finance-tracker-frontend/src/App.js": {"lines":{"total":1,"covered":0,"skipped":0,"pct":0},"functions":{"total":1,"covered":0,"skipped":0,"pct":0},"statements":{"total":1,"covered":0,"skipped":0,"pct":0},"branches":{"total":0,"covered":0,"skipped":0,"pct":100}}
,"/home/linus/react-finance-tracker-frontend/src/index.js": {"lines":{"total":2,"covered":0,"skipped":0,"pct":0},"functions":{"total":0,"covered":0,"skipped":0,"pct":100},"statements":{"total":2,"covered":0,"skipped":0,"pct":0},"branches":{"total":0,"covered":0,"skipped":0,"pct":100}}
,"/home/linus/react-finance-tracker-frontend/src/setupProxy.js": {"lines":{"total":3,"covered":0,"skipped":0,"pct":0},"functions":{"total":1,"covered":0,"skipped":0,"pct":0},"statements":{"total":3,"covered":0,"skipped":0,"pct":0},"branches":{"total":0,"covered":0,"skipped":0,"pct":100}}
,"/home/linus/react-finance-tracker-frontend/src/api/config.js": {"lines":{"total":13,"covered":5,"skipped":0,"pct":38.46},"functions":{"total":11,"covered":3,"skipped":0,"pct":27.27},"statements":{"total":13,"covered":5,"skipped":0,"pct":38.46},"branches":{"total":2,"covered":2,"skipped":0,"pct":100}}
,"/home/linus/react-finance-tracker-frontend/src/auth/AuthWrapper.js": {"lines":{"total":49,"covered":0,"skipped":0,"pct":0},"functions":{"total":14,"covered":0,"skipped":0,"pct":0},"statements":{"total":59,"covered":0,"skipped":0,"pct":0},"branches":{"total":29,"covered":0,"skipped":0,"pct":0}}
,"/home/linus/react-finance-tracker-frontend/src/components/pages/About.js": {"lines":{"total":2,"covered":0,"skipped":0,"pct":0},"functions":{"total":1,"covered":0,"skipped":0,"pct":0},"statements":{"total":2,"covered":0,"skipped":0,"pct":0},"branches":{"total":0,"covered":0,"skipped":0,"pct":100}}
,"/home/linus/react-finance-tracker-frontend/src/components/pages/Account.js": {"lines":{"total":58,"covered":0,"skipped":0,"pct":0},"functions":{"total":25,"covered":0,"skipped":0,"pct":0},"statements":{"total":62,"covered":0,"skipped":0,"pct":0},"branches":{"total":2,"covered":0,"skipped":0,"pct":0}}
,"/home/linus/react-finance-tracker-frontend/src/components/pages/Accounts.js": {"lines":{"total":67,"covered":0,"skipped":0,"pct":0},"functions":{"total":28,"covered":0,"skipped":0,"pct":0},"statements":{"total":80,"covered":0,"skipped":0,"pct":0},"branches":{"total":46,"covered":0,"skipped":0,"pct":0}}
,"/home/linus/react-finance-tracker-frontend/src/components/pages/Home.js": {"lines":{"total":3,"covered":0,"skipped":0,"pct":0},"functions":{"total":1,"covered":0,"skipped":0,"pct":0},"statements":{"total":3,"covered":0,"skipped":0,"pct":0},"branches":{"total":4,"covered":0,"skipped":0,"pct":0}}
,"/home/linus/react-finance-tracker-frontend/src/components/pages/Login.js": {"lines":{"total":38,"covered":0,"skipped":0,"pct":0},"functions":{"total":7,"covered":0,"skipped":0,"pct":0},"statements":{"total":38,"covered":0,"skipped":0,"pct":0},"branches":{"total":10,"covered":0,"skipped":0,"pct":0}}
,"/home/linus/react-finance-tracker-frontend/src/components/pages/Private.js": {"lines":{"total":72,"covered":0,"skipped":0,"pct":0},"functions":{"total":22,"covered":0,"skipped":0,"pct":0},"statements":{"total":79,"covered":0,"skipped":0,"pct":0},"branches":{"total":26,"covered":0,"skipped":0,"pct":0}}
,"/home/linus/react-finance-tracker-frontend/src/components/pages/Register.js": {"lines":{"total":45,"covered":0,"skipped":0,"pct":0},"functions":{"total":8,"covered":0,"skipped":0,"pct":0},"statements":{"total":48,"covered":0,"skipped":0,"pct":0},"branches":{"total":16,"covered":0,"skipped":0,"pct":0}}
,"/home/linus/react-finance-tracker-frontend/src/components/pages/StatementImport.js": {"lines":{"total":150,"covered":0,"skipped":0,"pct":0},"functions":{"total":64,"covered":0,"skipped":0,"pct":0},"statements":{"total":203,"covered":0,"skipped":0,"pct":0},"branches":{"total":186,"covered":0,"skipped":0,"pct":0}}
,"/home/linus/react-finance-tracker-frontend/src/components/pages/VerifyEmail.js": {"lines":{"total":57,"covered":0,"skipped":0,"pct":0},"functions":{"total":15,"covered":0,"skipped":0,"pct":0},"statements":{"total":68,"covered":0,"skipped":0,"pct":0},"branches":{"total":31,"covered":0,"skipped":0,"pct":0}}
,"/home/linus/react-finance-tracker-frontend/src/components/structure/Header.js": {"lines":{"total":2,"covered":0,"skipped":0,"pct":0},"functions":{"total":1,"covered":0,"skipped":0,"pct":0},"statements":{"total":2,"covered":0,"skipped":0,"pct":0},"branches":{"total":0,"covered":0,"skipped":0,"pct":100}}
,"/home/linus/react-finance-tracker-frontend/src/components/structure/RenderNavigation.js": {"lines":{"total":19,"covered":0,"skipped":0,"pct":0},"functions":{"total":5,"covered":0,"skipped":0,"pct":0},"statements":{"total":20,"covered":0,"skipped":0,"pct":0},"branches":{"total":20,"covered":0,"skipped":0,"pct":0}}
,"/home/linus/react-finance-tracker-frontend/src/components/structure/navigation.js": {"lines":{"total":1,"covered":0,"skipped":0,"pct":0},"functions":{"total":0,"covered":0,"skipped":0,"pct":100},"statements":{"total":1,"covered":0,"skipped":0,"pct":0},"branches":{"total":0,"covered":0,"skipped":0,"pct":100}}
}
